2025-06-19 21:29:41,279 - WARNING -  * Debugger is active!
2025-06-19 21:29:41,284 - INFO -  * Debugger PIN: 120-784-044
2025-06-19 21:30:18,551 - INFO -  * Detected change in 'c:\\Users\\yam\\PycharmProjects\\s3Manipulator\\s3bucket_ext_rename.py', reloading
2025-06-19 21:30:19,138 - INFO - Starting Flask app...
2025-06-19 21:30:19,138 - INFO - Templates folder: templates
2025-06-19 21:30:19,138 - INFO - Static folder: c:\Users\yam\PycharmProjects\s3Manipulator\static
2025-06-19 21:30:19,150 - INFO - Press Ctrl+C to stop, or use the 'Terminate App' button from the result page
2025-06-19 21:30:19,181 - WARNING -  * Debugger is active!
2025-06-19 21:30:19,186 - INFO -  * Debugger PIN: 120-784-044
2025-06-19 21:30:44,524 - INFO - Starting Flask app...
2025-06-19 21:30:44,525 - INFO - Templates folder: templates
2025-06-19 21:30:44,525 - INFO - Static folder: c:\Users\yam\PycharmProjects\s3Manipulator\static
2025-06-19 21:30:44,525 - INFO - Press Ctrl+C to stop, or use the 'Terminate App' button from the result page
2025-06-19 21:30:44,583 - INFO - [31m[1mWARNING: This is a development server. Do not use it in a production deployment. Use a production WSGI server instead.[0m
 * Running on all addresses (0.0.0.0)
 * Running on http://127.0.0.1:5000
 * Running on http://192.168.5.95:5000
2025-06-19 21:30:44,583 - INFO - [33mPress CTRL+C to quit[0m
2025-06-19 21:30:44,584 - INFO -  * Restarting with stat
2025-06-19 21:30:45,093 - INFO - Starting Flask app...
2025-06-19 21:30:45,094 - INFO - Templates folder: templates
2025-06-19 21:30:45,094 - INFO - Static folder: c:\Users\yam\PycharmProjects\s3Manipulator\static
2025-06-19 21:30:45,094 - INFO - Press Ctrl+C to stop, or use the 'Terminate App' button from the result page
2025-06-19 21:30:45,137 - WARNING -  * Debugger is active!
2025-06-19 21:30:45,144 - INFO -  * Debugger PIN: 120-784-044
2025-06-19 21:32:31,631 - INFO - Starting Flask app...
2025-06-19 21:32:31,631 - INFO - Templates folder: templates
2025-06-19 21:32:31,633 - INFO - Static folder: c:\Users\yam\PycharmProjects\s3Manipulator\static
2025-06-19 21:32:31,633 - INFO - Press Ctrl+C to stop, or use the 'Terminate App' button from the result page
2025-06-19 21:32:31,686 - INFO - [31m[1mWARNING: This is a development server. Do not use it in a production deployment. Use a production WSGI server instead.[0m
 * Running on all addresses (0.0.0.0)
 * Running on http://127.0.0.1:5000
 * Running on http://192.168.5.95:5000
2025-06-19 21:32:31,686 - INFO - [33mPress CTRL+C to quit[0m
2025-06-19 21:32:31,687 - INFO -  * Restarting with stat
2025-06-19 21:32:32,213 - INFO - Starting Flask app...
2025-06-19 21:32:32,214 - INFO - Templates folder: templates
2025-06-19 21:32:32,214 - INFO - Static folder: c:\Users\yam\PycharmProjects\s3Manipulator\static
2025-06-19 21:32:32,214 - INFO - Press Ctrl+C to stop, or use the 'Terminate App' button from the result page
2025-06-19 21:32:32,246 - WARNING -  * Debugger is active!
2025-06-19 21:32:32,251 - INFO -  * Debugger PIN: 120-784-044
2025-06-19 21:35:14,136 - INFO - Starting Flask app...
2025-06-19 21:35:14,136 - INFO - Templates folder: templates
2025-06-19 21:35:14,136 - INFO - Static folder: c:\Users\yam\PycharmProjects\s3Manipulator\static
2025-06-19 21:35:14,136 - INFO - Press Ctrl+C to stop, or use the 'Terminate App' button from the result page
2025-06-19 21:35:14,189 - INFO - [31m[1mWARNING: This is a development server. Do not use it in a production deployment. Use a production WSGI server instead.[0m
 * Running on all addresses (0.0.0.0)
 * Running on http://127.0.0.1:5000
 * Running on http://192.168.5.95:5000
2025-06-19 21:35:14,189 - INFO - [33mPress CTRL+C to quit[0m
2025-06-19 21:35:14,189 - INFO -  * Restarting with stat
2025-06-19 21:35:14,769 - INFO - Starting Flask app...
2025-06-19 21:35:14,770 - INFO - Templates folder: templates
2025-06-19 21:35:14,770 - INFO - Static folder: c:\Users\yam\PycharmProjects\s3Manipulator\static
2025-06-19 21:35:14,771 - INFO - Press Ctrl+C to stop, or use the 'Terminate App' button from the result page
2025-06-19 21:35:14,802 - WARNING -  * Debugger is active!
2025-06-19 21:35:14,809 - INFO -  * Debugger PIN: 120-784-044
